1581641692.344555 client started (977): version 3.0a, socket /private/tmp/tmux-501/default, protocol 8
1581641692.344611 on Darwin 19.3.0 Darwin Kernel Version 19.3.0: Thu Jan  9 20:58:23 PST 2020; root:xnu-6153.81.5~1/RELEASE_X86_64; libevent 2.1.11-stable (select)
1581641692.344650 socket is /private/tmp/tmux-501/default
1581641692.344674 trying connect
1581641692.344707 connect failed: Connection refused
1581641692.344828 lock file is /private/tmp/tmux-501/default.lock
1581641692.344915 flock succeeded
1581641692.344924 got lock (6)
1581641692.344931 trying connect
1581641692.344949 connect failed: Connection refused
1581641692.345391 add peer 0x10872b000: 7 (0x0)
1581641692.346668 sending message 100 to peer 0x10872b000 (4 bytes)
1581641692.346690 sending message 101 to peer 0x10872b000 (15 bytes)
1581641692.346701 sending message 102 to peer 0x10872b000 (13 bytes)
1581641692.346709 sending message 108 to peer 0x10872b000 (27 bytes)
1581641692.346724 sending message 104 to peer 0x10872b000 (0 bytes)
1581641692.346731 sending message 107 to peer 0x10872b000 (4 bytes)
1581641692.346738 sending message 105 to peer 0x10872b000 (28 bytes)
1581641692.346745 sending message 105 to peer 0x10872b000 (20 bytes)
1581641692.346752 sending message 105 to peer 0x10872b000 (16 bytes)
1581641692.346760 sending message 105 to peer 0x10872b000 (57 bytes)
1581641692.346767 sending message 105 to peer 0x10872b000 (25 bytes)
1581641692.346773 sending message 105 to peer 0x10872b000 (53 bytes)
1581641692.346781 sending message 105 to peer 0x10872b000 (12 bytes)
1581641692.346789 sending message 105 to peer 0x10872b000 (66 bytes)
1581641692.346799 sending message 105 to peer 0x10872b000 (50 bytes)
1581641692.346806 sending message 105 to peer 0x10872b000 (31 bytes)
1581641692.346814 sending message 105 to peer 0x10872b000 (17 bytes)
1581641692.346821 sending message 105 to peer 0x10872b000 (14 bytes)
1581641692.346829 sending message 105 to peer 0x10872b000 (19 bytes)
1581641692.346836 sending message 105 to peer 0x10872b000 (16 bytes)
1581641692.346845 sending message 105 to peer 0x10872b000 (8 bytes)
1581641692.346852 sending message 105 to peer 0x10872b000 (15 bytes)
1581641692.346859 sending message 105 to peer 0x10872b000 (22 bytes)
1581641692.346865 sending message 106 to peer 0x10872b000 (0 bytes)
1581641692.346876 sending message 200 to peer 0x10872b000 (4 bytes)
1581641692.346883 client loop enter
1581641692.395429 peer 0x10872b000 message 207
1581641692.395449 sending message 208 to peer 0x10872b000 (0 bytes)
1581641695.585857 peer 0x10872b000 message 203
1581641695.585882 sending message 205 to peer 0x10872b000 (0 bytes)
1581641695.586097 peer 0x10872b000 message 204
1581641695.586124 client loop exit
